<?xml version="1.0" encoding="UTF-8"?>
<!-- Generated by org.testng.reporters.JUnitXMLReporter -->
<testsuite ignored="8" hostname="LAPTOP-C80NUM97" failures="0" tests="54" name="Test" time="149.801" errors="0" timestamp="2023-07-11T19:49:45 IDT">
  <testcase classname="tests.BaseTest" name="myTest" time="0.039"/>
  <testcase classname="tests.BaseTest" name="myTest" time="0.045"/>
  <testcase classname="tests.BaseTest" name="myTest" time="0.045"/>
  <testcase classname="tests.BaseTest" name="myTest" time="0.003"/>
  <testcase classname="tests.BaseTest" name="myTest" time="0.002"/>
  <testcase classname="tests.BaseTest" name="myTest" time="0.001"/>
  <testcase classname="tests.ProductsPageTest" name="TC08" time="3.335"/>
  <testcase classname="tests.ProductPageTests" name="TC15" time="6.629"/>
  <testcase classname="tests.CheckoutPageTests" name="TC26" time="11.156"/>
  <testcase classname="tests.ThanksPageTests" name="TC33" time="11.921"/>
  <testcase classname="tests.CartPageTests" name="TC21" time="8.523"/>
  <testcase classname="tests.ProductsPageTest" name="TC09" time="6.744"/>
  <testcase classname="tests.ProductPageTests" name="TC16" time="9.401"/>
  <testcase classname="tests.CheckoutPageTests" name="TC27" time="10.127"/>
  <testcase classname="tests.ProductsPageTest" name="TC10" time="8.048"/>
  <testcase classname="tests.CartPageTests" name="TC22" time="12.545"/>
  <testcase classname="tests.ThanksPageTests" name="TC34" time="12.907"/>
  <testcase classname="tests.ProductPageTests" name="TC17" time="9.247"/>
  <testcase classname="tests.ProductsPageTest" name="TC11" time="8.158"/>
  <testcase classname="tests.CheckoutPageTests" name="TC28" time="11.348"/>
  <testcase classname="tests.CartPageTests" name="TC23" time="13.117"/>
  <testcase classname="tests.ProductPageTests" name="TC18" time="13.064"/>
  <testcase classname="tests.ProductsPageTest" name="TC12" time="8.454"/>
  <testcase classname="tests.ThanksPageTests" name="TC35" time="20.323"/>
  <testcase classname="tests.CheckoutPageTests" name="TC29" time="10.398"/>
  <testcase classname="tests.BaseTest" name="myTest" time="0.0"/>
  <testcase classname="tests.CartPageTests" name="TC24" time="12.522"/>
  <testcase classname="tests.ProductsPageTest" name="TC13" time="11.548"/>
  <testcase classname="tests.MenuPageTests" name="TC36" time="4.551"/>
  <testcase classname="tests.CheckoutPageTests" name="TC30" time="9.83"/>
  <testcase classname="tests.ProductPageTests" name="TC19" time="17.06"/>
  <testcase classname="tests.BaseTest" name="myTest" time="0.017"/>
  <testcase classname="tests.CartPageTests" name="TC25" time="8.629"/>
  <testcase classname="tests.MenuPageTests" name="TC37" time="5.642"/>
  <testcase classname="tests.LogInPageTests" name="TC01" time="3.167"/>
  <testcase classname="tests.BaseTest" name="myTest" time="0.004"/>
  <testcase classname="tests.ProductsPageTest" name="TC14" time="14.564"/>
  <testcase classname="tests.LogInPageTests" name="TC02" time="2.442"/>
  <testcase classname="tests.MenuPageTests" name="TC38" time="10.695"/>
  <testcase classname="tests.LogInPageTests" name="TC03" time="3.391"/>
  <testcase classname="tests.OverviewPageTests" name="TC31" time="12.438"/>
  <testcase classname="tests.LogInPageTests" name="TC04" time="2.755"/>
  <testcase classname="tests.MenuPageTests" name="TC39" time="5.194"/>
  <testcase classname="tests.LogInPageTests" name="TC05" time="2.328"/>
  <testcase classname="tests.ProductPageTests" name="TC20" time="32.654"/>
  <testcase classname="tests.MenuPageTests" name="TC40" time="5.674"/>
  <testcase classname="tests.LogInPageTests" name="TC06" time="2.593"/>
  <testcase classname="tests.OverviewPageTests" name="TC32" time="10.976"/>
  <testcase classname="tests.LogInPageTests" name="TC07" time="2.192"/>
  <testcase classname="tests.LogInPageTests" name="TC07" time="2.169"/>
  <testcase classname="tests.LogInPageTests" name="TC07" time="2.152"/>
  <testcase classname="tests.LogInPageTests" name="TC07" time="2.15"/>
  <testcase classname="tests.LogInPageTests" name="TC07" time="2.144"/>
  <testcase classname="tests.LogInPageTests" name="TC07" time="2.159"/>
  <testcase classname="tests.BaseTest" name="@BeforeSuite setAllureEnvironment" time="0.0">
    <ignored/>
  </testcase> <!-- @BeforeSuite setAllureEnvironment -->
  <testcase classname="tests.BaseTest" name="@BeforeSuite setAllureEnvironment" time="0.0">
    <ignored/>
  </testcase> <!-- @BeforeSuite setAllureEnvironment -->
  <testcase classname="tests.BaseTest" name="@BeforeSuite setAllureEnvironment" time="0.0">
    <ignored/>
  </testcase> <!-- @BeforeSuite setAllureEnvironment -->
  <testcase classname="tests.BaseTest" name="@BeforeSuite setAllureEnvironment" time="0.0">
    <ignored/>
  </testcase> <!-- @BeforeSuite setAllureEnvironment -->
  <testcase classname="tests.BaseTest" name="@BeforeSuite setAllureEnvironment" time="0.0">
    <ignored/>
  </testcase> <!-- @BeforeSuite setAllureEnvironment -->
  <testcase classname="tests.BaseTest" name="@BeforeSuite setAllureEnvironment" time="0.0">
    <ignored/>
  </testcase> <!-- @BeforeSuite setAllureEnvironment -->
  <testcase classname="tests.BaseTest" name="@BeforeSuite setAllureEnvironment" time="0.0">
    <ignored/>
  </testcase> <!-- @BeforeSuite setAllureEnvironment -->
  <testcase classname="tests.BaseTest" name="@BeforeSuite setAllureEnvironment" time="0.0">
    <ignored/>
  </testcase> <!-- @BeforeSuite setAllureEnvironment -->
</testsuite> <!-- Test -->
