<?xml version="1.0" encoding="UTF-8"?>
<testng-results ignored="0" total="135" passed="135" failed="0" skipped="0">
  <reporter-output>
  </reporter-output>
  <suite started-at="2023-11-21T15:22:42 IST" name="All Test Suite" finished-at="2023-11-21T15:38:16 IST" duration-ms="933599">
    <groups>
    </groups>
    <test started-at="2023-11-21T15:22:42 IST" name="ChromeTest" finished-at="2023-11-21T15:27:33 IST" duration-ms="290927">
      <class name="tests.ProductPageTests">
        <test-method is-config="true" signature="setUp(java.lang.String)[pri:0, instance:tests.ProductPageTests@3533df16]" started-at="2023-11-21T15:24:01 IST" name="setUp" finished-at="2023-11-21T15:24:02 IST" duration-ms="1153" status="PASS">
          <params>
            <param index="0">
              <value>
                <![CDATA[chrome]]>
              </value>
            </param>
          </params>
          <reporter-output>
          </reporter-output>
        </test-method> <!-- setUp -->
        <test-method signature="TC15()[pri:0, instance:tests.ProductPageTests@3533df16]" started-at="2023-11-21T15:24:02 IST" name="TC15" description="Product page" finished-at="2023-11-21T15:24:08 IST" duration-ms="6403" status="PASS">
          <reporter-output>
          </reporter-output>
        </test-method> <!-- TC15 -->
        <test-method signature="TC16()[pri:0, instance:tests.ProductPageTests@3533df16]" started-at="2023-11-21T15:24:08 IST" name="TC16" description="Product page" finished-at="2023-11-21T15:24:11 IST" duration-ms="2914" status="PASS">
          <reporter-output>
          </reporter-output>
        </test-method> <!-- TC16 -->
        <test-method signature="TC17()[pri:0, instance:tests.ProductPageTests@3533df16]" started-at="2023-11-21T15:24:11 IST" name="TC17" description="Product page" finished-at="2023-11-21T15:24:18 IST" duration-ms="6714" status="PASS">
          <reporter-output>
          </reporter-output>
        </test-method> <!-- TC17 -->
        <test-method signature="TC18()[pri:0, instance:tests.ProductPageTests@3533df16]" started-at="2023-11-21T15:24:18 IST" name="TC18" description="Product page" finished-at="2023-11-21T15:24:23 IST" duration-ms="5308" status="PASS">
          <reporter-output>
          </reporter-output>
        </test-method> <!-- TC18 -->
        <test-method signature="TC19()[pri:0, instance:tests.ProductPageTests@3533df16]" started-at="2023-11-21T15:24:23 IST" name="TC19" description="Product page" finished-at="2023-11-21T15:24:37 IST" duration-ms="13919" status="PASS">
          <reporter-output>
          </reporter-output>
        </test-method> <!-- TC19 -->
        <test-method signature="TC20()[pri:0, instance:tests.ProductPageTests@3533df16]" started-at="2023-11-21T15:24:37 IST" name="TC20" description="Product page" finished-at="2023-11-21T15:24:50 IST" duration-ms="12651" status="PASS">
          <reporter-output>
          </reporter-output>
        </test-method> <!-- TC20 -->
        <test-method is-config="true" signature="tearDown()[pri:0, instance:tests.ProductPageTests@3533df16]" started-at="2023-11-21T15:24:50 IST" name="tearDown" finished-at="2023-11-21T15:24:50 IST" duration-ms="97" status="PASS">
          <reporter-output>
          </reporter-output>
        </test-method> <!-- tearDown -->
      </class> <!-- tests.ProductPageTests -->
      <class name="tests.ThanksPageTests">
        <test-method is-config="true" signature="setUp(java.lang.String)[pri:0, instance:tests.ThanksPageTests@3f4cd155]" started-at="2023-11-21T15:26:29 IST" name="setUp" finished-at="2023-11-21T15:26:30 IST" duration-ms="1087" status="PASS">
          <params>
            <param index="0">
              <value>
                <![CDATA[chrome]]>
              </value>
            </param>
          </params>
          <reporter-output>
          </reporter-output>
        </test-method> <!-- setUp -->
        <test-method signature="TC33()[pri:0, instance:tests.ThanksPageTests@3f4cd155]" started-at="2023-11-21T15:26:30 IST" name="TC33" description="Thank You Page" finished-at="2023-11-21T15:26:41 IST" duration-ms="10636" status="PASS">
          <reporter-output>
          </reporter-output>
        </test-method> <!-- TC33 -->
        <test-method signature="TC34()[pri:0, instance:tests.ThanksPageTests@3f4cd155]" started-at="2023-11-21T15:26:41 IST" name="TC34" description="Thank You Page" finished-at="2023-11-21T15:26:42 IST" duration-ms="968" status="PASS">
          <reporter-output>
          </reporter-output>
        </test-method> <!-- TC34 -->
        <test-method signature="TC35()[pri:0, instance:tests.ThanksPageTests@3f4cd155]" started-at="2023-11-21T15:26:42 IST" name="TC35" description="Thank You Page" finished-at="2023-11-21T15:26:59 IST" duration-ms="17297" status="PASS">
          <reporter-output>
          </reporter-output>
        </test-method> <!-- TC35 -->
        <test-method is-config="true" signature="tearDown()[pri:0, instance:tests.ThanksPageTests@3f4cd155]" started-at="2023-11-21T15:26:59 IST" name="tearDown" finished-at="2023-11-21T15:26:59 IST" duration-ms="109" status="PASS">
          <reporter-output>
          </reporter-output>
        </test-method> <!-- tearDown -->
      </class> <!-- tests.ThanksPageTests -->
      <class name="tests.CheckoutPageTests">
        <test-method is-config="true" signature="setUp(java.lang.String)[pri:0, instance:tests.CheckoutPageTests@4038cd3a]" started-at="2023-11-21T15:25:29 IST" name="setUp" finished-at="2023-11-21T15:25:30 IST" duration-ms="1077" status="PASS">
          <params>
            <param index="0">
              <value>
                <![CDATA[chrome]]>
              </value>
            </param>
          </params>
          <reporter-output>
          </reporter-output>
        </test-method> <!-- setUp -->
        <test-method signature="TC26()[pri:0, instance:tests.CheckoutPageTests@4038cd3a]" started-at="2023-11-21T15:25:30 IST" name="TC26" description="Checkout Page" finished-at="2023-11-21T15:25:40 IST" duration-ms="10658" status="PASS">
          <reporter-output>
          </reporter-output>
        </test-method> <!-- TC26 -->
        <test-method signature="TC27()[pri:0, instance:tests.CheckoutPageTests@4038cd3a]" started-at="2023-11-21T15:25:40 IST" name="TC27" description="Checkout page" finished-at="2023-11-21T15:25:47 IST" duration-ms="6996" status="PASS">
          <reporter-output>
          </reporter-output>
        </test-method> <!-- TC27 -->
        <test-method signature="TC28()[pri:0, instance:tests.CheckoutPageTests@4038cd3a]" started-at="2023-11-21T15:25:47 IST" name="TC28" description="Checkout Page" finished-at="2023-11-21T15:25:54 IST" duration-ms="6382" status="PASS">
          <reporter-output>
          </reporter-output>
        </test-method> <!-- TC28 -->
        <test-method signature="TC29()[pri:0, instance:tests.CheckoutPageTests@4038cd3a]" started-at="2023-11-21T15:25:54 IST" name="TC29" description="Checkout Page" finished-at="2023-11-21T15:26:00 IST" duration-ms="6340" status="PASS">
          <reporter-output>
          </reporter-output>
        </test-method> <!-- TC29 -->
        <test-method signature="TC30()[pri:0, instance:tests.CheckoutPageTests@4038cd3a]" started-at="2023-11-21T15:26:00 IST" name="TC30" description="Checkout Page" finished-at="2023-11-21T15:26:06 IST" duration-ms="5615" status="PASS">
          <reporter-output>
          </reporter-output>
        </test-method> <!-- TC30 -->
        <test-method is-config="true" signature="tearDown()[pri:0, instance:tests.CheckoutPageTests@4038cd3a]" started-at="2023-11-21T15:26:06 IST" name="tearDown" finished-at="2023-11-21T15:26:06 IST" duration-ms="90" status="PASS">
          <reporter-output>
          </reporter-output>
        </test-method> <!-- tearDown -->
      </class> <!-- tests.CheckoutPageTests -->
      <class name="tests.ProductsPageTest">
        <test-method is-config="true" signature="setUp(java.lang.String)[pri:0, instance:tests.ProductsPageTest@4ad3d266]" started-at="2023-11-21T15:23:32 IST" name="setUp" finished-at="2023-11-21T15:23:35 IST" duration-ms="2057" status="PASS">
          <params>
            <param index="0">
              <value>
                <![CDATA[chrome]]>
              </value>
            </param>
          </params>
          <reporter-output>
          </reporter-output>
        </test-method> <!-- setUp -->
        <test-method signature="TC08()[pri:0, instance:tests.ProductsPageTest@4ad3d266]" started-at="2023-11-21T15:23:35 IST" name="TC08" description="Products Page" finished-at="2023-11-21T15:23:38 IST" duration-ms="3266" status="PASS">
          <reporter-output>
          </reporter-output>
        </test-method> <!-- TC08 -->
        <test-method signature="TC09()[pri:0, instance:tests.ProductsPageTest@4ad3d266]" started-at="2023-11-21T15:23:38 IST" name="TC09" description="Products Page" finished-at="2023-11-21T15:23:42 IST" duration-ms="4355" status="PASS">
          <reporter-output>
          </reporter-output>
        </test-method> <!-- TC09 -->
        <test-method signature="TC12()[pri:0, instance:tests.ProductsPageTest@4ad3d266]" started-at="2023-11-21T15:23:42 IST" name="TC12" description="Products Page" finished-at="2023-11-21T15:23:44 IST" duration-ms="2267" status="PASS">
          <reporter-output>
          </reporter-output>
        </test-method> <!-- TC12 -->
        <test-method signature="TC10()[pri:0, instance:tests.ProductsPageTest@4ad3d266]" started-at="2023-11-21T15:23:44 IST" name="TC10" description="Products Page" finished-at="2023-11-21T15:23:51 IST" duration-ms="6377" status="PASS">
          <reporter-output>
          </reporter-output>
        </test-method> <!-- TC10 -->
        <test-method signature="TC13()[pri:0, instance:tests.ProductsPageTest@4ad3d266]" started-at="2023-11-21T15:23:51 IST" name="TC13" description="Products page" finished-at="2023-11-21T15:23:54 IST" duration-ms="3176" status="PASS">
          <reporter-output>
          </reporter-output>
        </test-method> <!-- TC13 -->
        <test-method signature="TC11()[pri:0, instance:tests.ProductsPageTest@4ad3d266]" started-at="2023-11-21T15:23:54 IST" name="TC11" description="Products Page" finished-at="2023-11-21T15:23:59 IST" duration-ms="5462" status="PASS">
          <reporter-output>
          </reporter-output>
        </test-method> <!-- TC11 -->
        <test-method signature="TC14()[pri:0, instance:tests.ProductsPageTest@4ad3d266]" started-at="2023-11-21T15:23:59 IST" name="TC14" description="Products Page" finished-at="2023-11-21T15:24:01 IST" duration-ms="1125" status="PASS">
          <reporter-output>
          </reporter-output>
        </test-method> <!-- TC14 -->
        <test-method is-config="true" signature="tearDown()[pri:0, instance:tests.ProductsPageTest@4ad3d266]" started-at="2023-11-21T15:24:01 IST" name="tearDown" finished-at="2023-11-21T15:24:01 IST" duration-ms="139" status="PASS">
          <reporter-output>
          </reporter-output>
        </test-method> <!-- tearDown -->
      </class> <!-- tests.ProductsPageTest -->
      <class name="tests.CartPageTests">
        <test-method is-config="true" signature="setUp(java.lang.String)[pri:0, instance:tests.CartPageTests@15d0849]" started-at="2023-11-21T15:24:50 IST" name="setUp" finished-at="2023-11-21T15:24:51 IST" duration-ms="1313" status="PASS">
          <params>
            <param index="0">
              <value>
                <![CDATA[chrome]]>
              </value>
            </param>
          </params>
          <reporter-output>
          </reporter-output>
        </test-method> <!-- setUp -->
        <test-method signature="TC21()[pri:0, instance:tests.CartPageTests@15d0849]" started-at="2023-11-21T15:24:51 IST" name="TC21" description="Cart Page" finished-at="2023-11-21T15:25:00 IST" duration-ms="8350" status="PASS">
          <reporter-output>
          </reporter-output>
        </test-method> <!-- TC21 -->
        <test-method signature="TC22()[pri:0, instance:tests.CartPageTests@15d0849]" started-at="2023-11-21T15:25:00 IST" name="TC22" description="Cart Page" finished-at="2023-11-21T15:25:10 IST" duration-ms="10002" status="PASS">
          <reporter-output>
          </reporter-output>
        </test-method> <!-- TC22 -->
        <test-method signature="TC23()[pri:0, instance:tests.CartPageTests@15d0849]" started-at="2023-11-21T15:25:10 IST" name="TC23" description="Cart Page" finished-at="2023-11-21T15:25:20 IST" duration-ms="10245" status="PASS">
          <reporter-output>
          </reporter-output>
        </test-method> <!-- TC23 -->
        <test-method signature="TC24()[pri:0, instance:tests.CartPageTests@15d0849]" started-at="2023-11-21T15:25:20 IST" name="TC24" description="Cart Page" finished-at="2023-11-21T15:25:28 IST" duration-ms="7833" status="PASS">
          <reporter-output>
          </reporter-output>
        </test-method> <!-- TC24 -->
        <test-method signature="TC25()[pri:0, instance:tests.CartPageTests@15d0849]" started-at="2023-11-21T15:25:28 IST" name="TC25" description="Cart page" finished-at="2023-11-21T15:25:29 IST" duration-ms="921" status="PASS">
          <reporter-output>
          </reporter-output>
        </test-method> <!-- TC25 -->
        <test-method is-config="true" signature="tearDown()[pri:0, instance:tests.CartPageTests@15d0849]" started-at="2023-11-21T15:25:29 IST" name="tearDown" finished-at="2023-11-21T15:25:29 IST" duration-ms="97" status="PASS">
          <reporter-output>
          </reporter-output>
        </test-method> <!-- tearDown -->
      </class> <!-- tests.CartPageTests -->
      <class name="tests.MenuPageTests">
        <test-method is-config="true" signature="setUp(java.lang.String)[pri:0, instance:tests.MenuPageTests@563a89b5]" started-at="2023-11-21T15:26:59 IST" name="setUp" finished-at="2023-11-21T15:27:00 IST" duration-ms="1128" status="PASS">
          <params>
            <param index="0">
              <value>
                <![CDATA[chrome]]>
              </value>
            </param>
          </params>
          <reporter-output>
          </reporter-output>
        </test-method> <!-- setUp -->
        <test-method signature="TC36()[pri:0, instance:tests.MenuPageTests@563a89b5]" started-at="2023-11-21T15:27:00 IST" name="TC36" description="Menu Page" finished-at="2023-11-21T15:27:05 IST" duration-ms="4384" status="PASS">
          <reporter-output>
          </reporter-output>
        </test-method> <!-- TC36 -->
        <test-method signature="TC37()[pri:0, instance:tests.MenuPageTests@563a89b5]" started-at="2023-11-21T15:27:05 IST" name="TC37" description="Menu Page" finished-at="2023-11-21T15:27:06 IST" duration-ms="1244" status="PASS">
          <reporter-output>
          </reporter-output>
        </test-method> <!-- TC37 -->
        <test-method signature="TC38()[pri:0, instance:tests.MenuPageTests@563a89b5]" started-at="2023-11-21T15:27:06 IST" name="TC38" description="Menu Page" finished-at="2023-11-21T15:27:21 IST" duration-ms="14908" status="PASS">
          <reporter-output>
          </reporter-output>
        </test-method> <!-- TC38 -->
        <test-method signature="TC39()[pri:0, instance:tests.MenuPageTests@563a89b5]" started-at="2023-11-21T15:27:21 IST" name="TC39" description="Menu Page" finished-at="2023-11-21T15:27:27 IST" duration-ms="6445" status="PASS">
          <reporter-output>
          </reporter-output>
        </test-method> <!-- TC39 -->
        <test-method signature="TC40()[pri:0, instance:tests.MenuPageTests@563a89b5]" started-at="2023-11-21T15:27:27 IST" name="TC40" description="Menu Page" finished-at="2023-11-21T15:27:33 IST" duration-ms="5711" status="PASS">
          <reporter-output>
          </reporter-output>
        </test-method> <!-- TC40 -->
        <test-method is-config="true" signature="tearDown()[pri:0, instance:tests.MenuPageTests@563a89b5]" started-at="2023-11-21T15:27:33 IST" name="tearDown" finished-at="2023-11-21T15:27:33 IST" duration-ms="145" status="PASS">
          <reporter-output>
          </reporter-output>
        </test-method> <!-- tearDown -->
      </class> <!-- tests.MenuPageTests -->
      <class name="tests.LogInPageTests">
        <test-method is-config="true" signature="setUp(java.lang.String)[pri:0, instance:tests.LogInPageTests@7c1c5936]" started-at="2023-11-21T15:22:42 IST" name="setUp" finished-at="2023-11-21T15:22:51 IST" duration-ms="9160" status="PASS">
          <params>
            <param index="0">
              <value>
                <![CDATA[chrome]]>
              </value>
            </param>
          </params>
          <reporter-output>
          </reporter-output>
        </test-method> <!-- setUp -->
        <test-method signature="TC01()[pri:0, instance:tests.LogInPageTests@7c1c5936]" started-at="2023-11-21T15:22:51 IST" name="TC01" description="Login Page" finished-at="2023-11-21T15:23:01 IST" duration-ms="9348" status="PASS">
          <reporter-output>
          </reporter-output>
        </test-method> <!-- TC01 -->
        <test-method signature="TC02()[pri:0, instance:tests.LogInPageTests@7c1c5936]" started-at="2023-11-21T15:23:01 IST" name="TC02" description="Login Page" finished-at="2023-11-21T15:23:04 IST" duration-ms="2899" status="PASS">
          <reporter-output>
          </reporter-output>
        </test-method> <!-- TC02 -->
        <test-method signature="TC03()[pri:0, instance:tests.LogInPageTests@7c1c5936]" started-at="2023-11-21T15:23:04 IST" name="TC03" description="Login Page" finished-at="2023-11-21T15:23:07 IST" duration-ms="3156" status="PASS">
          <reporter-output>
          </reporter-output>
        </test-method> <!-- TC03 -->
        <test-method signature="TC04()[pri:0, instance:tests.LogInPageTests@7c1c5936]" started-at="2023-11-21T15:23:07 IST" name="TC04" description="Login Page" finished-at="2023-11-21T15:23:11 IST" duration-ms="3705" status="PASS">
          <reporter-output>
          </reporter-output>
        </test-method> <!-- TC04 -->
        <test-method signature="TC05()[pri:0, instance:tests.LogInPageTests@7c1c5936]" started-at="2023-11-21T15:23:11 IST" name="TC05" description="Login Page" finished-at="2023-11-21T15:23:14 IST" duration-ms="2943" status="PASS">
          <reporter-output>
          </reporter-output>
        </test-method> <!-- TC05 -->
        <test-method signature="TC06()[pri:0, instance:tests.LogInPageTests@7c1c5936]" started-at="2023-11-21T15:23:14 IST" name="TC06" description="Login Page" finished-at="2023-11-21T15:23:17 IST" duration-ms="2786" status="PASS">
          <reporter-output>
          </reporter-output>
        </test-method> <!-- TC06 -->
        <test-method signature="TC07(java.lang.String,java.lang.String)[pri:0, instance:tests.LogInPageTests@7c1c5936]" started-at="2023-11-21T15:23:17 IST" name="TC07" description="Login Page" data-provider="getData" finished-at="2023-11-21T15:23:19 IST" duration-ms="2443" status="PASS">
          <params>
            <param index="0">
              <value>
                <![CDATA[]]>
              </value>
            </param>
            <param index="1">
              <value>
                <![CDATA[secret_sauce]]>
              </value>
            </param>
          </params>
          <reporter-output>
          </reporter-output>
        </test-method> <!-- TC07 -->
        <test-method signature="TC07(java.lang.String,java.lang.String)[pri:0, instance:tests.LogInPageTests@7c1c5936]" started-at="2023-11-21T15:23:19 IST" name="TC07" description="Login Page" data-provider="getData" finished-at="2023-11-21T15:23:21 IST" duration-ms="2472" status="PASS">
          <params>
            <param index="0">
              <value>
                <![CDATA[standard_user]]>
              </value>
            </param>
            <param index="1">
              <value>
                <![CDATA[]]>
              </value>
            </param>
          </params>
          <reporter-output>
          </reporter-output>
        </test-method> <!-- TC07 -->
        <test-method signature="TC07(java.lang.String,java.lang.String)[pri:0, instance:tests.LogInPageTests@7c1c5936]" started-at="2023-11-21T15:23:21 IST" name="TC07" description="Login Page" data-provider="getData" finished-at="2023-11-21T15:23:24 IST" duration-ms="2554" status="PASS">
          <params>
            <param index="0">
              <value>
                <![CDATA[standard_user]]>
              </value>
            </param>
            <param index="1">
              <value>
                <![CDATA[1234]]>
              </value>
            </param>
          </params>
          <reporter-output>
          </reporter-output>
        </test-method> <!-- TC07 -->
        <test-method signature="TC07(java.lang.String,java.lang.String)[pri:0, instance:tests.LogInPageTests@7c1c5936]" started-at="2023-11-21T15:23:24 IST" name="TC07" description="Login Page" data-provider="getData" finished-at="2023-11-21T15:23:27 IST" duration-ms="2796" status="PASS">
          <params>
            <param index="0">
              <value>
                <![CDATA[Yitzi]]>
              </value>
            </param>
            <param index="1">
              <value>
                <![CDATA[secret_sauce]]>
              </value>
            </param>
          </params>
          <reporter-output>
          </reporter-output>
        </test-method> <!-- TC07 -->
        <test-method signature="TC07(java.lang.String,java.lang.String)[pri:0, instance:tests.LogInPageTests@7c1c5936]" started-at="2023-11-21T15:23:27 IST" name="TC07" description="Login Page" data-provider="getData" finished-at="2023-11-21T15:23:30 IST" duration-ms="2718" status="PASS">
          <params>
            <param index="0">
              <value>
                <![CDATA[Yitzi Weiner]]>
              </value>
            </param>
            <param index="1">
              <value>
                <![CDATA[123456]]>
              </value>
            </param>
          </params>
          <reporter-output>
          </reporter-output>
        </test-method> <!-- TC07 -->
        <test-method signature="TC07(java.lang.String,java.lang.String)[pri:0, instance:tests.LogInPageTests@7c1c5936]" started-at="2023-11-21T15:23:30 IST" name="TC07" description="Login Page" data-provider="getData" finished-at="2023-11-21T15:23:32 IST" duration-ms="2796" status="PASS">
          <params>
            <param index="0">
              <value>
                <![CDATA[standard_user]]>
              </value>
            </param>
            <param index="1">
              <value>
                <![CDATA[secret_sauce]]>
              </value>
            </param>
          </params>
          <reporter-output>
          </reporter-output>
        </test-method> <!-- TC07 -->
        <test-method is-config="true" signature="tearDown()[pri:0, instance:tests.LogInPageTests@7c1c5936]" started-at="2023-11-21T15:23:32 IST" name="tearDown" finished-at="2023-11-21T15:23:32 IST" duration-ms="168" status="PASS">
          <reporter-output>
          </reporter-output>
        </test-method> <!-- tearDown -->
      </class> <!-- tests.LogInPageTests -->
      <class name="tests.OverviewPageTests">
        <test-method is-config="true" signature="setUp(java.lang.String)[pri:0, instance:tests.OverviewPageTests@14ac77b9]" started-at="2023-11-21T15:26:06 IST" name="setUp" finished-at="2023-11-21T15:26:07 IST" duration-ms="1098" status="PASS">
          <params>
            <param index="0">
              <value>
                <![CDATA[chrome]]>
              </value>
            </param>
          </params>
          <reporter-output>
          </reporter-output>
        </test-method> <!-- setUp -->
        <test-method signature="TC31()[pri:0, instance:tests.OverviewPageTests@14ac77b9]" started-at="2023-11-21T15:26:07 IST" name="TC31" description="Overview Page" finished-at="2023-11-21T15:26:18 IST" duration-ms="11357" status="PASS">
          <reporter-output>
          </reporter-output>
        </test-method> <!-- TC31 -->
        <test-method signature="TC32()[pri:0, instance:tests.OverviewPageTests@14ac77b9]" started-at="2023-11-21T15:26:18 IST" name="TC32" description="Overview Page" finished-at="2023-11-21T15:26:29 IST" duration-ms="10655" status="PASS">
          <reporter-output>
          </reporter-output>
        </test-method> <!-- TC32 -->
        <test-method is-config="true" signature="tearDown()[pri:0, instance:tests.OverviewPageTests@14ac77b9]" started-at="2023-11-21T15:26:29 IST" name="tearDown" finished-at="2023-11-21T15:26:29 IST" duration-ms="94" status="PASS">
          <reporter-output>
          </reporter-output>
        </test-method> <!-- tearDown -->
      </class> <!-- tests.OverviewPageTests -->
    </test> <!-- ChromeTest -->
    <test started-at="2023-11-21T15:27:33 IST" name="FirefoxTest" finished-at="2023-11-21T15:32:50 IST" duration-ms="316407">
      <class name="tests.ProductPageTests">
        <test-method is-config="true" signature="setUp(java.lang.String)[pri:0, instance:tests.ProductPageTests@1de9d54]" started-at="2023-11-21T15:28:54 IST" name="setUp" finished-at="2023-11-21T15:28:58 IST" duration-ms="3326" status="PASS">
          <params>
            <param index="0">
              <value>
                <![CDATA[firefox]]>
              </value>
            </param>
          </params>
          <reporter-output>
          </reporter-output>
        </test-method> <!-- setUp -->
        <test-method signature="TC15()[pri:0, instance:tests.ProductPageTests@1de9d54]" started-at="2023-11-21T15:28:58 IST" name="TC15" description="Product page" finished-at="2023-11-21T15:29:04 IST" duration-ms="6656" status="PASS">
          <reporter-output>
          </reporter-output>
        </test-method> <!-- TC15 -->
        <test-method signature="TC16()[pri:0, instance:tests.ProductPageTests@1de9d54]" started-at="2023-11-21T15:29:04 IST" name="TC16" description="Product page" finished-at="2023-11-21T15:29:08 IST" duration-ms="3401" status="PASS">
          <reporter-output>
          </reporter-output>
        </test-method> <!-- TC16 -->
        <test-method signature="TC17()[pri:0, instance:tests.ProductPageTests@1de9d54]" started-at="2023-11-21T15:29:08 IST" name="TC17" description="Product page" finished-at="2023-11-21T15:29:15 IST" duration-ms="6927" status="PASS">
          <reporter-output>
          </reporter-output>
        </test-method> <!-- TC17 -->
        <test-method signature="TC18()[pri:0, instance:tests.ProductPageTests@1de9d54]" started-at="2023-11-21T15:29:15 IST" name="TC18" description="Product page" finished-at="2023-11-21T15:29:21 IST" duration-ms="5804" status="PASS">
          <reporter-output>
          </reporter-output>
        </test-method> <!-- TC18 -->
        <test-method signature="TC19()[pri:0, instance:tests.ProductPageTests@1de9d54]" started-at="2023-11-21T15:29:21 IST" name="TC19" description="Product page" finished-at="2023-11-21T15:29:36 IST" duration-ms="15753" status="PASS">
          <reporter-output>
          </reporter-output>
        </test-method> <!-- TC19 -->
        <test-method signature="TC20()[pri:0, instance:tests.ProductPageTests@1de9d54]" started-at="2023-11-21T15:29:36 IST" name="TC20" description="Product page" finished-at="2023-11-21T15:29:51 IST" duration-ms="14562" status="PASS">
          <reporter-output>
          </reporter-output>
        </test-method> <!-- TC20 -->
        <test-method is-config="true" signature="tearDown()[pri:0, instance:tests.ProductPageTests@1de9d54]" started-at="2023-11-21T15:29:51 IST" name="tearDown" finished-at="2023-11-21T15:29:51 IST" duration-ms="624" status="PASS">
          <reporter-output>
          </reporter-output>
        </test-method> <!-- tearDown -->
      </class> <!-- tests.ProductPageTests -->
      <class name="tests.ThanksPageTests">
        <test-method is-config="true" signature="setUp(java.lang.String)[pri:0, instance:tests.ThanksPageTests@5e5073ab]" started-at="2023-11-21T15:31:37 IST" name="setUp" finished-at="2023-11-21T15:31:40 IST" duration-ms="2843" status="PASS">
          <params>
            <param index="0">
              <value>
                <![CDATA[firefox]]>
              </value>
            </param>
          </params>
          <reporter-output>
          </reporter-output>
        </test-method> <!-- setUp -->
        <test-method signature="TC33()[pri:0, instance:tests.ThanksPageTests@5e5073ab]" started-at="2023-11-21T15:31:40 IST" name="TC33" description="Thank You Page" finished-at="2023-11-21T15:31:50 IST" duration-ms="10329" status="PASS">
          <reporter-output>
          </reporter-output>
        </test-method> <!-- TC33 -->
        <test-method signature="TC34()[pri:0, instance:tests.ThanksPageTests@5e5073ab]" started-at="2023-11-21T15:31:50 IST" name="TC34" description="Thank You Page" finished-at="2023-11-21T15:31:51 IST" duration-ms="885" status="PASS">
          <reporter-output>
          </reporter-output>
        </test-method> <!-- TC34 -->
        <test-method signature="TC35()[pri:0, instance:tests.ThanksPageTests@5e5073ab]" started-at="2023-11-21T15:31:51 IST" name="TC35" description="Thank You Page" finished-at="2023-11-21T15:32:08 IST" duration-ms="16861" status="PASS">
          <reporter-output>
          </reporter-output>
        </test-method> <!-- TC35 -->
        <test-method is-config="true" signature="tearDown()[pri:0, instance:tests.ThanksPageTests@5e5073ab]" started-at="2023-11-21T15:32:08 IST" name="tearDown" finished-at="2023-11-21T15:32:09 IST" duration-ms="768" status="PASS">
          <reporter-output>
          </reporter-output>
        </test-method> <!-- tearDown -->
      </class> <!-- tests.ThanksPageTests -->
      <class name="tests.CheckoutPageTests">
        <test-method is-config="true" signature="setUp(java.lang.String)[pri:0, instance:tests.CheckoutPageTests@47ad69f7]" started-at="2023-11-21T15:30:34 IST" name="setUp" finished-at="2023-11-21T15:30:37 IST" duration-ms="2963" status="PASS">
          <params>
            <param index="0">
              <value>
                <![CDATA[firefox]]>
              </value>
            </param>
          </params>
          <reporter-output>
          </reporter-output>
        </test-method> <!-- setUp -->
        <test-method signature="TC26()[pri:0, instance:tests.CheckoutPageTests@47ad69f7]" started-at="2023-11-21T15:30:37 IST" name="TC26" description="Checkout Page" finished-at="2023-11-21T15:30:48 IST" duration-ms="10364" status="PASS">
          <reporter-output>
          </reporter-output>
        </test-method> <!-- TC26 -->
        <test-method signature="TC27()[pri:0, instance:tests.CheckoutPageTests@47ad69f7]" started-at="2023-11-21T15:30:48 IST" name="TC27" description="Checkout page" finished-at="2023-11-21T15:30:54 IST" duration-ms="6289" status="PASS">
          <reporter-output>
          </reporter-output>
        </test-method> <!-- TC27 -->
        <test-method signature="TC28()[pri:0, instance:tests.CheckoutPageTests@47ad69f7]" started-at="2023-11-21T15:30:54 IST" name="TC28" description="Checkout Page" finished-at="2023-11-21T15:31:00 IST" duration-ms="6148" status="PASS">
          <reporter-output>
          </reporter-output>
        </test-method> <!-- TC28 -->
        <test-method signature="TC29()[pri:0, instance:tests.CheckoutPageTests@47ad69f7]" started-at="2023-11-21T15:31:00 IST" name="TC29" description="Checkout Page" finished-at="2023-11-21T15:31:06 IST" duration-ms="6236" status="PASS">
          <reporter-output>
          </reporter-output>
        </test-method> <!-- TC29 -->
        <test-method signature="TC30()[pri:0, instance:tests.CheckoutPageTests@47ad69f7]" started-at="2023-11-21T15:31:06 IST" name="TC30" description="Checkout Page" finished-at="2023-11-21T15:31:12 IST" duration-ms="5479" status="PASS">
          <reporter-output>
          </reporter-output>
        </test-method> <!-- TC30 -->
        <test-method is-config="true" signature="tearDown()[pri:0, instance:tests.CheckoutPageTests@47ad69f7]" started-at="2023-11-21T15:31:12 IST" name="tearDown" finished-at="2023-11-21T15:31:13 IST" duration-ms="648" status="PASS">
          <reporter-output>
          </reporter-output>
        </test-method> <!-- tearDown -->
      </class> <!-- tests.CheckoutPageTests -->
      <class name="tests.ProductsPageTest">
        <test-method is-config="true" signature="setUp(java.lang.String)[pri:0, instance:tests.ProductsPageTest@7123be6c]" started-at="2023-11-21T15:28:23 IST" name="setUp" finished-at="2023-11-21T15:28:27 IST" duration-ms="3756" status="PASS">
          <params>
            <param index="0">
              <value>
                <![CDATA[firefox]]>
              </value>
            </param>
          </params>
          <reporter-output>
          </reporter-output>
        </test-method> <!-- setUp -->
        <test-method signature="TC08()[pri:0, instance:tests.ProductsPageTest@7123be6c]" started-at="2023-11-21T15:28:27 IST" name="TC08" description="Products Page" finished-at="2023-11-21T15:28:29 IST" duration-ms="2748" status="PASS">
          <reporter-output>
          </reporter-output>
        </test-method> <!-- TC08 -->
        <test-method signature="TC09()[pri:0, instance:tests.ProductsPageTest@7123be6c]" started-at="2023-11-21T15:28:29 IST" name="TC09" description="Products Page" finished-at="2023-11-21T15:28:34 IST" duration-ms="4519" status="PASS">
          <reporter-output>
          </reporter-output>
        </test-method> <!-- TC09 -->
        <test-method signature="TC12()[pri:0, instance:tests.ProductsPageTest@7123be6c]" started-at="2023-11-21T15:28:34 IST" name="TC12" description="Products Page" finished-at="2023-11-21T15:28:36 IST" duration-ms="2453" status="PASS">
          <reporter-output>
          </reporter-output>
        </test-method> <!-- TC12 -->
        <test-method signature="TC10()[pri:0, instance:tests.ProductsPageTest@7123be6c]" started-at="2023-11-21T15:28:36 IST" name="TC10" description="Products Page" finished-at="2023-11-21T15:28:43 IST" duration-ms="6439" status="PASS">
          <reporter-output>
          </reporter-output>
        </test-method> <!-- TC10 -->
        <test-method signature="TC13()[pri:0, instance:tests.ProductsPageTest@7123be6c]" started-at="2023-11-21T15:28:43 IST" name="TC13" description="Products page" finished-at="2023-11-21T15:28:46 IST" duration-ms="3284" status="PASS">
          <reporter-output>
          </reporter-output>
        </test-method> <!-- TC13 -->
        <test-method signature="TC11()[pri:0, instance:tests.ProductsPageTest@7123be6c]" started-at="2023-11-21T15:28:46 IST" name="TC11" description="Products Page" finished-at="2023-11-21T15:28:53 IST" duration-ms="6601" status="PASS">
          <reporter-output>
          </reporter-output>
        </test-method> <!-- TC11 -->
        <test-method signature="TC14()[pri:0, instance:tests.ProductsPageTest@7123be6c]" started-at="2023-11-21T15:28:53 IST" name="TC14" description="Products Page" finished-at="2023-11-21T15:28:54 IST" duration-ms="1099" status="PASS">
          <reporter-output>
          </reporter-output>
        </test-method> <!-- TC14 -->
        <test-method is-config="true" signature="tearDown()[pri:0, instance:tests.ProductsPageTest@7123be6c]" started-at="2023-11-21T15:28:54 IST" name="tearDown" finished-at="2023-11-21T15:28:54 IST" duration-ms="604" status="PASS">
          <reporter-output>
          </reporter-output>
        </test-method> <!-- tearDown -->
      </class> <!-- tests.ProductsPageTest -->
      <class name="tests.CartPageTests">
        <test-method is-config="true" signature="setUp(java.lang.String)[pri:0, instance:tests.CartPageTests@77a2aa4a]" started-at="2023-11-21T15:29:51 IST" name="setUp" finished-at="2023-11-21T15:29:54 IST" duration-ms="2838" status="PASS">
          <params>
            <param index="0">
              <value>
                <![CDATA[firefox]]>
              </value>
            </param>
          </params>
          <reporter-output>
          </reporter-output>
        </test-method> <!-- setUp -->
        <test-method signature="TC21()[pri:0, instance:tests.CartPageTests@77a2aa4a]" started-at="2023-11-21T15:29:54 IST" name="TC21" description="Cart Page" finished-at="2023-11-21T15:30:03 IST" duration-ms="8557" status="PASS">
          <reporter-output>
          </reporter-output>
        </test-method> <!-- TC21 -->
        <test-method signature="TC22()[pri:0, instance:tests.CartPageTests@77a2aa4a]" started-at="2023-11-21T15:30:03 IST" name="TC22" description="Cart Page" finished-at="2023-11-21T15:30:13 IST" duration-ms="9966" status="PASS">
          <reporter-output>
          </reporter-output>
        </test-method> <!-- TC22 -->
        <test-method signature="TC23()[pri:0, instance:tests.CartPageTests@77a2aa4a]" started-at="2023-11-21T15:30:13 IST" name="TC23" description="Cart Page" finished-at="2023-11-21T15:30:25 IST" duration-ms="11928" status="PASS">
          <reporter-output>
          </reporter-output>
        </test-method> <!-- TC23 -->
        <test-method signature="TC24()[pri:0, instance:tests.CartPageTests@77a2aa4a]" started-at="2023-11-21T15:30:25 IST" name="TC24" description="Cart Page" finished-at="2023-11-21T15:30:33 IST" duration-ms="8151" status="PASS">
          <reporter-output>
          </reporter-output>
        </test-method> <!-- TC24 -->
        <test-method signature="TC25()[pri:0, instance:tests.CartPageTests@77a2aa4a]" started-at="2023-11-21T15:30:33 IST" name="TC25" description="Cart page" finished-at="2023-11-21T15:30:34 IST" duration-ms="906" status="PASS">
          <reporter-output>
          </reporter-output>
        </test-method> <!-- TC25 -->
        <test-method is-config="true" signature="tearDown()[pri:0, instance:tests.CartPageTests@77a2aa4a]" started-at="2023-11-21T15:30:34 IST" name="tearDown" finished-at="2023-11-21T15:30:34 IST" duration-ms="612" status="PASS">
          <reporter-output>
          </reporter-output>
        </test-method> <!-- tearDown -->
      </class> <!-- tests.CartPageTests -->
      <class name="tests.MenuPageTests">
        <test-method is-config="true" signature="setUp(java.lang.String)[pri:0, instance:tests.MenuPageTests@3c4262d1]" started-at="2023-11-21T15:32:09 IST" name="setUp" finished-at="2023-11-21T15:32:14 IST" duration-ms="5030" status="PASS">
          <params>
            <param index="0">
              <value>
                <![CDATA[firefox]]>
              </value>
            </param>
          </params>
          <reporter-output>
          </reporter-output>
        </test-method> <!-- setUp -->
        <test-method signature="TC36()[pri:0, instance:tests.MenuPageTests@3c4262d1]" started-at="2023-11-21T15:32:14 IST" name="TC36" description="Menu Page" finished-at="2023-11-21T15:32:18 IST" duration-ms="4168" status="PASS">
          <reporter-output>
          </reporter-output>
        </test-method> <!-- TC36 -->
        <test-method signature="TC37()[pri:0, instance:tests.MenuPageTests@3c4262d1]" started-at="2023-11-21T15:32:18 IST" name="TC37" description="Menu Page" finished-at="2023-11-21T15:32:19 IST" duration-ms="892" status="PASS">
          <reporter-output>
          </reporter-output>
        </test-method> <!-- TC37 -->
        <test-method signature="TC38()[pri:0, instance:tests.MenuPageTests@3c4262d1]" started-at="2023-11-21T15:32:19 IST" name="TC38" description="Menu Page" finished-at="2023-11-21T15:32:37 IST" duration-ms="17711" status="PASS">
          <reporter-output>
          </reporter-output>
        </test-method> <!-- TC38 -->
        <test-method signature="TC39()[pri:0, instance:tests.MenuPageTests@3c4262d1]" started-at="2023-11-21T15:32:37 IST" name="TC39" description="Menu Page" finished-at="2023-11-21T15:32:43 IST" duration-ms="6746" status="PASS">
          <reporter-output>
          </reporter-output>
        </test-method> <!-- TC39 -->
        <test-method signature="TC40()[pri:0, instance:tests.MenuPageTests@3c4262d1]" started-at="2023-11-21T15:32:43 IST" name="TC40" description="Menu Page" finished-at="2023-11-21T15:32:49 IST" duration-ms="5570" status="PASS">
          <reporter-output>
          </reporter-output>
        </test-method> <!-- TC40 -->
        <test-method is-config="true" signature="tearDown()[pri:0, instance:tests.MenuPageTests@3c4262d1]" started-at="2023-11-21T15:32:49 IST" name="tearDown" finished-at="2023-11-21T15:32:50 IST" duration-ms="773" status="PASS">
          <reporter-output>
          </reporter-output>
        </test-method> <!-- tearDown -->
      </class> <!-- tests.MenuPageTests -->
      <class name="tests.LogInPageTests">
        <test-method is-config="true" signature="setUp(java.lang.String)[pri:0, instance:tests.LogInPageTests@65eabaab]" started-at="2023-11-21T15:27:33 IST" name="setUp" finished-at="2023-11-21T15:27:44 IST" duration-ms="11073" status="PASS">
          <params>
            <param index="0">
              <value>
                <![CDATA[firefox]]>
              </value>
            </param>
          </params>
          <reporter-output>
          </reporter-output>
        </test-method> <!-- setUp -->
        <test-method signature="TC01()[pri:0, instance:tests.LogInPageTests@65eabaab]" started-at="2023-11-21T15:27:44 IST" name="TC01" description="Login Page" finished-at="2023-11-21T15:27:51 IST" duration-ms="6808" status="PASS">
          <reporter-output>
          </reporter-output>
        </test-method> <!-- TC01 -->
        <test-method signature="TC02()[pri:0, instance:tests.LogInPageTests@65eabaab]" started-at="2023-11-21T15:27:51 IST" name="TC02" description="Login Page" finished-at="2023-11-21T15:27:54 IST" duration-ms="3007" status="PASS">
          <reporter-output>
          </reporter-output>
        </test-method> <!-- TC02 -->
        <test-method signature="TC03()[pri:0, instance:tests.LogInPageTests@65eabaab]" started-at="2023-11-21T15:27:54 IST" name="TC03" description="Login Page" finished-at="2023-11-21T15:27:57 IST" duration-ms="2871" status="PASS">
          <reporter-output>
          </reporter-output>
        </test-method> <!-- TC03 -->
        <test-method signature="TC04()[pri:0, instance:tests.LogInPageTests@65eabaab]" started-at="2023-11-21T15:27:57 IST" name="TC04" description="Login Page" finished-at="2023-11-21T15:28:00 IST" duration-ms="3093" status="PASS">
          <reporter-output>
          </reporter-output>
        </test-method> <!-- TC04 -->
        <test-method signature="TC05()[pri:0, instance:tests.LogInPageTests@65eabaab]" started-at="2023-11-21T15:28:00 IST" name="TC05" description="Login Page" finished-at="2023-11-21T15:28:03 IST" duration-ms="2905" status="PASS">
          <reporter-output>
          </reporter-output>
        </test-method> <!-- TC05 -->
        <test-method signature="TC06()[pri:0, instance:tests.LogInPageTests@65eabaab]" started-at="2023-11-21T15:28:03 IST" name="TC06" description="Login Page" finished-at="2023-11-21T15:28:06 IST" duration-ms="2885" status="PASS">
          <reporter-output>
          </reporter-output>
        </test-method> <!-- TC06 -->
        <test-method signature="TC07(java.lang.String,java.lang.String)[pri:0, instance:tests.LogInPageTests@65eabaab]" started-at="2023-11-21T15:28:06 IST" name="TC07" description="Login Page" data-provider="getData" finished-at="2023-11-21T15:28:09 IST" duration-ms="2771" status="PASS">
          <params>
            <param index="0">
              <value>
                <![CDATA[]]>
              </value>
            </param>
            <param index="1">
              <value>
                <![CDATA[secret_sauce]]>
              </value>
            </param>
          </params>
          <reporter-output>
          </reporter-output>
        </test-method> <!-- TC07 -->
        <test-method signature="TC07(java.lang.String,java.lang.String)[pri:0, instance:tests.LogInPageTests@65eabaab]" started-at="2023-11-21T15:28:09 IST" name="TC07" description="Login Page" data-provider="getData" finished-at="2023-11-21T15:28:11 IST" duration-ms="2673" status="PASS">
          <params>
            <param index="0">
              <value>
                <![CDATA[standard_user]]>
              </value>
            </param>
            <param index="1">
              <value>
                <![CDATA[]]>
              </value>
            </param>
          </params>
          <reporter-output>
          </reporter-output>
        </test-method> <!-- TC07 -->
        <test-method signature="TC07(java.lang.String,java.lang.String)[pri:0, instance:tests.LogInPageTests@65eabaab]" started-at="2023-11-21T15:28:11 IST" name="TC07" description="Login Page" data-provider="getData" finished-at="2023-11-21T15:28:14 IST" duration-ms="2726" status="PASS">
          <params>
            <param index="0">
              <value>
                <![CDATA[standard_user]]>
              </value>
            </param>
            <param index="1">
              <value>
                <![CDATA[1234]]>
              </value>
            </param>
          </params>
          <reporter-output>
          </reporter-output>
        </test-method> <!-- TC07 -->
        <test-method signature="TC07(java.lang.String,java.lang.String)[pri:0, instance:tests.LogInPageTests@65eabaab]" started-at="2023-11-21T15:28:14 IST" name="TC07" description="Login Page" data-provider="getData" finished-at="2023-11-21T15:28:17 IST" duration-ms="2871" status="PASS">
          <params>
            <param index="0">
              <value>
                <![CDATA[Yitzi]]>
              </value>
            </param>
            <param index="1">
              <value>
                <![CDATA[secret_sauce]]>
              </value>
            </param>
          </params>
          <reporter-output>
          </reporter-output>
        </test-method> <!-- TC07 -->
        <test-method signature="TC07(java.lang.String,java.lang.String)[pri:0, instance:tests.LogInPageTests@65eabaab]" started-at="2023-11-21T15:28:17 IST" name="TC07" description="Login Page" data-provider="getData" finished-at="2023-11-21T15:28:20 IST" duration-ms="2691" status="PASS">
          <params>
            <param index="0">
              <value>
                <![CDATA[Yitzi Weiner]]>
              </value>
            </param>
            <param index="1">
              <value>
                <![CDATA[123456]]>
              </value>
            </param>
          </params>
          <reporter-output>
          </reporter-output>
        </test-method> <!-- TC07 -->
        <test-method signature="TC07(java.lang.String,java.lang.String)[pri:0, instance:tests.LogInPageTests@65eabaab]" started-at="2023-11-21T15:28:20 IST" name="TC07" description="Login Page" data-provider="getData" finished-at="2023-11-21T15:28:22 IST" duration-ms="2532" status="PASS">
          <params>
            <param index="0">
              <value>
                <![CDATA[standard_user]]>
              </value>
            </param>
            <param index="1">
              <value>
                <![CDATA[secret_sauce]]>
              </value>
            </param>
          </params>
          <reporter-output>
          </reporter-output>
        </test-method> <!-- TC07 -->
        <test-method is-config="true" signature="tearDown()[pri:0, instance:tests.LogInPageTests@65eabaab]" started-at="2023-11-21T15:28:22 IST" name="tearDown" finished-at="2023-11-21T15:28:23 IST" duration-ms="626" status="PASS">
          <reporter-output>
          </reporter-output>
        </test-method> <!-- tearDown -->
      </class> <!-- tests.LogInPageTests -->
      <class name="tests.OverviewPageTests">
        <test-method is-config="true" signature="setUp(java.lang.String)[pri:0, instance:tests.OverviewPageTests@2b917fb0]" started-at="2023-11-21T15:31:13 IST" name="setUp" finished-at="2023-11-21T15:31:15 IST" duration-ms="2891" status="PASS">
          <params>
            <param index="0">
              <value>
                <![CDATA[firefox]]>
              </value>
            </param>
          </params>
          <reporter-output>
          </reporter-output>
        </test-method> <!-- setUp -->
        <test-method signature="TC31()[pri:0, instance:tests.OverviewPageTests@2b917fb0]" started-at="2023-11-21T15:31:15 IST" name="TC31" description="Overview Page" finished-at="2023-11-21T15:31:27 IST" duration-ms="11152" status="PASS">
          <reporter-output>
          </reporter-output>
        </test-method> <!-- TC31 -->
        <test-method signature="TC32()[pri:0, instance:tests.OverviewPageTests@2b917fb0]" started-at="2023-11-21T15:31:27 IST" name="TC32" description="Overview Page" finished-at="2023-11-21T15:31:37 IST" duration-ms="9883" status="PASS">
          <reporter-output>
          </reporter-output>
        </test-method> <!-- TC32 -->
        <test-method is-config="true" signature="tearDown()[pri:0, instance:tests.OverviewPageTests@2b917fb0]" started-at="2023-11-21T15:31:37 IST" name="tearDown" finished-at="2023-11-21T15:31:37 IST" duration-ms="625" status="PASS">
          <reporter-output>
          </reporter-output>
        </test-method> <!-- tearDown -->
      </class> <!-- tests.OverviewPageTests -->
    </test> <!-- FirefoxTest -->
    <test started-at="2023-11-21T15:32:50 IST" name="EdgeTest" finished-at="2023-11-21T15:38:16 IST" duration-ms="326072">
      <class name="tests.ProductPageTests">
        <test-method is-config="true" signature="setUp(java.lang.String)[pri:0, instance:tests.ProductPageTests@30669dac]" started-at="2023-11-21T15:33:58 IST" name="setUp" finished-at="2023-11-21T15:34:00 IST" duration-ms="1377" status="PASS">
          <params>
            <param index="0">
              <value>
                <![CDATA[edge]]>
              </value>
            </param>
          </params>
          <reporter-output>
          </reporter-output>
        </test-method> <!-- setUp -->
        <test-method signature="TC15()[pri:0, instance:tests.ProductPageTests@30669dac]" started-at="2023-11-21T15:34:00 IST" name="TC15" description="Product page" finished-at="2023-11-21T15:34:06 IST" duration-ms="6733" status="PASS">
          <reporter-output>
          </reporter-output>
        </test-method> <!-- TC15 -->
        <test-method signature="TC16()[pri:0, instance:tests.ProductPageTests@30669dac]" started-at="2023-11-21T15:34:06 IST" name="TC16" description="Product page" finished-at="2023-11-21T15:34:09 IST" duration-ms="2988" status="PASS">
          <reporter-output>
          </reporter-output>
        </test-method> <!-- TC16 -->
        <test-method signature="TC17()[pri:0, instance:tests.ProductPageTests@30669dac]" started-at="2023-11-21T15:34:09 IST" name="TC17" description="Product page" finished-at="2023-11-21T15:34:16 IST" duration-ms="6713" status="PASS">
          <reporter-output>
          </reporter-output>
        </test-method> <!-- TC17 -->
        <test-method signature="TC18()[pri:0, instance:tests.ProductPageTests@30669dac]" started-at="2023-11-21T15:34:16 IST" name="TC18" description="Product page" finished-at="2023-11-21T15:34:21 IST" duration-ms="5237" status="PASS">
          <reporter-output>
          </reporter-output>
        </test-method> <!-- TC18 -->
        <test-method signature="TC19()[pri:0, instance:tests.ProductPageTests@30669dac]" started-at="2023-11-21T15:34:21 IST" name="TC19" description="Product page" finished-at="2023-11-21T15:34:36 IST" duration-ms="14414" status="PASS">
          <reporter-output>
          </reporter-output>
        </test-method> <!-- TC19 -->
        <test-method signature="TC20()[pri:0, instance:tests.ProductPageTests@30669dac]" started-at="2023-11-21T15:34:36 IST" name="TC20" description="Product page" finished-at="2023-11-21T15:34:49 IST" duration-ms="13312" status="PASS">
          <reporter-output>
          </reporter-output>
        </test-method> <!-- TC20 -->
        <test-method is-config="true" signature="tearDown()[pri:0, instance:tests.ProductPageTests@30669dac]" started-at="2023-11-21T15:34:49 IST" name="tearDown" finished-at="2023-11-21T15:34:49 IST" duration-ms="138" status="PASS">
          <reporter-output>
          </reporter-output>
        </test-method> <!-- tearDown -->
      </class> <!-- tests.ProductPageTests -->
      <class name="tests.ThanksPageTests">
        <test-method is-config="true" signature="setUp(java.lang.String)[pri:0, instance:tests.ThanksPageTests@70331432]" started-at="2023-11-21T15:36:50 IST" name="setUp" finished-at="2023-11-21T15:36:55 IST" duration-ms="5666" status="PASS">
          <params>
            <param index="0">
              <value>
                <![CDATA[edge]]>
              </value>
            </param>
          </params>
          <reporter-output>
          </reporter-output>
        </test-method> <!-- setUp -->
        <test-method signature="TC33()[pri:0, instance:tests.ThanksPageTests@70331432]" started-at="2023-11-21T15:36:55 IST" name="TC33" description="Thank You Page" finished-at="2023-11-21T15:37:10 IST" duration-ms="14341" status="PASS">
          <reporter-output>
          </reporter-output>
        </test-method> <!-- TC33 -->
        <test-method signature="TC34()[pri:0, instance:tests.ThanksPageTests@70331432]" started-at="2023-11-21T15:37:10 IST" name="TC34" description="Thank You Page" finished-at="2023-11-21T15:37:11 IST" duration-ms="1302" status="PASS">
          <reporter-output>
          </reporter-output>
        </test-method> <!-- TC34 -->
        <test-method signature="TC35()[pri:0, instance:tests.ThanksPageTests@70331432]" started-at="2023-11-21T15:37:11 IST" name="TC35" description="Thank You Page" finished-at="2023-11-21T15:37:31 IST" duration-ms="19756" status="PASS">
          <reporter-output>
          </reporter-output>
        </test-method> <!-- TC35 -->
        <test-method is-config="true" signature="tearDown()[pri:0, instance:tests.ThanksPageTests@70331432]" started-at="2023-11-21T15:37:31 IST" name="tearDown" finished-at="2023-11-21T15:37:31 IST" duration-ms="294" status="PASS">
          <reporter-output>
          </reporter-output>
        </test-method> <!-- tearDown -->
      </class> <!-- tests.ThanksPageTests -->
      <class name="tests.CheckoutPageTests">
        <test-method is-config="true" signature="setUp(java.lang.String)[pri:0, instance:tests.CheckoutPageTests@6a282fdd]" started-at="2023-11-21T15:35:29 IST" name="setUp" finished-at="2023-11-21T15:35:30 IST" duration-ms="1284" status="PASS">
          <params>
            <param index="0">
              <value>
                <![CDATA[edge]]>
              </value>
            </param>
          </params>
          <reporter-output>
          </reporter-output>
        </test-method> <!-- setUp -->
        <test-method signature="TC26()[pri:0, instance:tests.CheckoutPageTests@6a282fdd]" started-at="2023-11-21T15:35:30 IST" name="TC26" description="Checkout Page" finished-at="2023-11-21T15:35:43 IST" duration-ms="12747" status="PASS">
          <reporter-output>
          </reporter-output>
        </test-method> <!-- TC26 -->
        <test-method signature="TC27()[pri:0, instance:tests.CheckoutPageTests@6a282fdd]" started-at="2023-11-21T15:35:43 IST" name="TC27" description="Checkout page" finished-at="2023-11-21T15:35:52 IST" duration-ms="9013" status="PASS">
          <reporter-output>
          </reporter-output>
        </test-method> <!-- TC27 -->
        <test-method signature="TC28()[pri:0, instance:tests.CheckoutPageTests@6a282fdd]" started-at="2023-11-21T15:35:52 IST" name="TC28" description="Checkout Page" finished-at="2023-11-21T15:36:00 IST" duration-ms="7538" status="PASS">
          <reporter-output>
          </reporter-output>
        </test-method> <!-- TC28 -->
        <test-method signature="TC29()[pri:0, instance:tests.CheckoutPageTests@6a282fdd]" started-at="2023-11-21T15:36:00 IST" name="TC29" description="Checkout Page" finished-at="2023-11-21T15:36:07 IST" duration-ms="7380" status="PASS">
          <reporter-output>
          </reporter-output>
        </test-method> <!-- TC29 -->
        <test-method signature="TC30()[pri:0, instance:tests.CheckoutPageTests@6a282fdd]" started-at="2023-11-21T15:36:07 IST" name="TC30" description="Checkout Page" finished-at="2023-11-21T15:36:13 IST" duration-ms="6077" status="PASS">
          <reporter-output>
          </reporter-output>
        </test-method> <!-- TC30 -->
        <test-method is-config="true" signature="tearDown()[pri:0, instance:tests.CheckoutPageTests@6a282fdd]" started-at="2023-11-21T15:36:13 IST" name="tearDown" finished-at="2023-11-21T15:36:13 IST" duration-ms="153" status="PASS">
          <reporter-output>
          </reporter-output>
        </test-method> <!-- tearDown -->
      </class> <!-- tests.CheckoutPageTests -->
      <class name="tests.ProductsPageTest">
        <test-method is-config="true" signature="setUp(java.lang.String)[pri:0, instance:tests.ProductsPageTest@422b8438]" started-at="2023-11-21T15:33:31 IST" name="setUp" finished-at="2023-11-21T15:33:32 IST" duration-ms="1519" status="PASS">
          <params>
            <param index="0">
              <value>
                <![CDATA[edge]]>
              </value>
            </param>
          </params>
          <reporter-output>
          </reporter-output>
        </test-method> <!-- setUp -->
        <test-method signature="TC08()[pri:0, instance:tests.ProductsPageTest@422b8438]" started-at="2023-11-21T15:33:32 IST" name="TC08" description="Products Page" finished-at="2023-11-21T15:33:36 IST" duration-ms="3125" status="PASS">
          <reporter-output>
          </reporter-output>
        </test-method> <!-- TC08 -->
        <test-method signature="TC09()[pri:0, instance:tests.ProductsPageTest@422b8438]" started-at="2023-11-21T15:33:36 IST" name="TC09" description="Products Page" finished-at="2023-11-21T15:33:40 IST" duration-ms="4245" status="PASS">
          <reporter-output>
          </reporter-output>
        </test-method> <!-- TC09 -->
        <test-method signature="TC12()[pri:0, instance:tests.ProductsPageTest@422b8438]" started-at="2023-11-21T15:33:40 IST" name="TC12" description="Products Page" finished-at="2023-11-21T15:33:42 IST" duration-ms="2148" status="PASS">
          <reporter-output>
          </reporter-output>
        </test-method> <!-- TC12 -->
        <test-method signature="TC10()[pri:0, instance:tests.ProductsPageTest@422b8438]" started-at="2023-11-21T15:33:42 IST" name="TC10" description="Products Page" finished-at="2023-11-21T15:33:49 IST" duration-ms="6702" status="PASS">
          <reporter-output>
          </reporter-output>
        </test-method> <!-- TC10 -->
        <test-method signature="TC13()[pri:0, instance:tests.ProductsPageTest@422b8438]" started-at="2023-11-21T15:33:49 IST" name="TC13" description="Products page" finished-at="2023-11-21T15:33:52 IST" duration-ms="2932" status="PASS">
          <reporter-output>
          </reporter-output>
        </test-method> <!-- TC13 -->
        <test-method signature="TC11()[pri:0, instance:tests.ProductsPageTest@422b8438]" started-at="2023-11-21T15:33:52 IST" name="TC11" description="Products Page" finished-at="2023-11-21T15:33:57 IST" duration-ms="5474" status="PASS">
          <reporter-output>
          </reporter-output>
        </test-method> <!-- TC11 -->
        <test-method signature="TC14()[pri:0, instance:tests.ProductsPageTest@422b8438]" started-at="2023-11-21T15:33:57 IST" name="TC14" description="Products Page" finished-at="2023-11-21T15:33:58 IST" duration-ms="1115" status="PASS">
          <reporter-output>
          </reporter-output>
        </test-method> <!-- TC14 -->
        <test-method is-config="true" signature="tearDown()[pri:0, instance:tests.ProductsPageTest@422b8438]" started-at="2023-11-21T15:33:58 IST" name="tearDown" finished-at="2023-11-21T15:33:58 IST" duration-ms="94" status="PASS">
          <reporter-output>
          </reporter-output>
        </test-method> <!-- tearDown -->
      </class> <!-- tests.ProductsPageTest -->
      <class name="tests.CartPageTests">
        <test-method is-config="true" signature="setUp(java.lang.String)[pri:0, instance:tests.CartPageTests@629adce]" started-at="2023-11-21T15:34:49 IST" name="setUp" finished-at="2023-11-21T15:34:51 IST" duration-ms="1341" status="PASS">
          <params>
            <param index="0">
              <value>
                <![CDATA[edge]]>
              </value>
            </param>
          </params>
          <reporter-output>
          </reporter-output>
        </test-method> <!-- setUp -->
        <test-method signature="TC21()[pri:0, instance:tests.CartPageTests@629adce]" started-at="2023-11-21T15:34:51 IST" name="TC21" description="Cart Page" finished-at="2023-11-21T15:34:59 IST" duration-ms="8642" status="PASS">
          <reporter-output>
          </reporter-output>
        </test-method> <!-- TC21 -->
        <test-method signature="TC22()[pri:0, instance:tests.CartPageTests@629adce]" started-at="2023-11-21T15:34:59 IST" name="TC22" description="Cart Page" finished-at="2023-11-21T15:35:09 IST" duration-ms="9802" status="PASS">
          <reporter-output>
          </reporter-output>
        </test-method> <!-- TC22 -->
        <test-method signature="TC23()[pri:0, instance:tests.CartPageTests@629adce]" started-at="2023-11-21T15:35:09 IST" name="TC23" description="Cart Page" finished-at="2023-11-21T15:35:19 IST" duration-ms="10517" status="PASS">
          <reporter-output>
          </reporter-output>
        </test-method> <!-- TC23 -->
        <test-method signature="TC24()[pri:0, instance:tests.CartPageTests@629adce]" started-at="2023-11-21T15:35:19 IST" name="TC24" description="Cart Page" finished-at="2023-11-21T15:35:28 IST" duration-ms="8500" status="PASS">
          <reporter-output>
          </reporter-output>
        </test-method> <!-- TC24 -->
        <test-method signature="TC25()[pri:0, instance:tests.CartPageTests@629adce]" started-at="2023-11-21T15:35:28 IST" name="TC25" description="Cart page" finished-at="2023-11-21T15:35:29 IST" duration-ms="1097" status="PASS">
          <reporter-output>
          </reporter-output>
        </test-method> <!-- TC25 -->
        <test-method is-config="true" signature="tearDown()[pri:0, instance:tests.CartPageTests@629adce]" started-at="2023-11-21T15:35:29 IST" name="tearDown" finished-at="2023-11-21T15:35:29 IST" duration-ms="85" status="PASS">
          <reporter-output>
          </reporter-output>
        </test-method> <!-- tearDown -->
      </class> <!-- tests.CartPageTests -->
      <class name="tests.MenuPageTests">
        <test-method is-config="true" signature="setUp(java.lang.String)[pri:0, instance:tests.MenuPageTests@3bbf9027]" started-at="2023-11-21T15:37:31 IST" name="setUp" finished-at="2023-11-21T15:37:34 IST" duration-ms="2616" status="PASS">
          <params>
            <param index="0">
              <value>
                <![CDATA[edge]]>
              </value>
            </param>
          </params>
          <reporter-output>
          </reporter-output>
        </test-method> <!-- setUp -->
        <test-method signature="TC36()[pri:0, instance:tests.MenuPageTests@3bbf9027]" started-at="2023-11-21T15:37:34 IST" name="TC36" description="Menu Page" finished-at="2023-11-21T15:37:39 IST" duration-ms="5086" status="PASS">
          <reporter-output>
          </reporter-output>
        </test-method> <!-- TC36 -->
        <test-method signature="TC37()[pri:0, instance:tests.MenuPageTests@3bbf9027]" started-at="2023-11-21T15:37:39 IST" name="TC37" description="Menu Page" finished-at="2023-11-21T15:37:40 IST" duration-ms="1293" status="PASS">
          <reporter-output>
          </reporter-output>
        </test-method> <!-- TC37 -->
        <test-method signature="TC38()[pri:0, instance:tests.MenuPageTests@3bbf9027]" started-at="2023-11-21T15:37:40 IST" name="TC38" description="Menu Page" finished-at="2023-11-21T15:38:02 IST" duration-ms="21657" status="PASS">
          <reporter-output>
          </reporter-output>
        </test-method> <!-- TC38 -->
        <test-method signature="TC39()[pri:0, instance:tests.MenuPageTests@3bbf9027]" started-at="2023-11-21T15:38:02 IST" name="TC39" description="Menu Page" finished-at="2023-11-21T15:38:09 IST" duration-ms="7592" status="PASS">
          <reporter-output>
          </reporter-output>
        </test-method> <!-- TC39 -->
        <test-method signature="TC40()[pri:0, instance:tests.MenuPageTests@3bbf9027]" started-at="2023-11-21T15:38:09 IST" name="TC40" description="Menu Page" finished-at="2023-11-21T15:38:16 IST" duration-ms="6262" status="PASS">
          <reporter-output>
          </reporter-output>
        </test-method> <!-- TC40 -->
        <test-method is-config="true" signature="tearDown()[pri:0, instance:tests.MenuPageTests@3bbf9027]" started-at="2023-11-21T15:38:16 IST" name="tearDown" finished-at="2023-11-21T15:38:16 IST" duration-ms="219" status="PASS">
          <reporter-output>
          </reporter-output>
        </test-method> <!-- tearDown -->
      </class> <!-- tests.MenuPageTests -->
      <class name="tests.LogInPageTests">
        <test-method is-config="true" signature="setUp(java.lang.String)[pri:0, instance:tests.LogInPageTests@6d5037a9]" started-at="2023-11-21T15:32:50 IST" name="setUp" finished-at="2023-11-21T15:32:55 IST" duration-ms="4872" status="PASS">
          <params>
            <param index="0">
              <value>
                <![CDATA[edge]]>
              </value>
            </param>
          </params>
          <reporter-output>
          </reporter-output>
        </test-method> <!-- setUp -->
        <test-method signature="TC01()[pri:0, instance:tests.LogInPageTests@6d5037a9]" started-at="2023-11-21T15:32:55 IST" name="TC01" description="Login Page" finished-at="2023-11-21T15:33:02 IST" duration-ms="7106" status="PASS">
          <reporter-output>
          </reporter-output>
        </test-method> <!-- TC01 -->
        <test-method signature="TC02()[pri:0, instance:tests.LogInPageTests@6d5037a9]" started-at="2023-11-21T15:33:02 IST" name="TC02" description="Login Page" finished-at="2023-11-21T15:33:05 IST" duration-ms="2821" status="PASS">
          <reporter-output>
          </reporter-output>
        </test-method> <!-- TC02 -->
        <test-method signature="TC03()[pri:0, instance:tests.LogInPageTests@6d5037a9]" started-at="2023-11-21T15:33:05 IST" name="TC03" description="Login Page" finished-at="2023-11-21T15:33:07 IST" duration-ms="2649" status="PASS">
          <reporter-output>
          </reporter-output>
        </test-method> <!-- TC03 -->
        <test-method signature="TC04()[pri:0, instance:tests.LogInPageTests@6d5037a9]" started-at="2023-11-21T15:33:07 IST" name="TC04" description="Login Page" finished-at="2023-11-21T15:33:10 IST" duration-ms="2772" status="PASS">
          <reporter-output>
          </reporter-output>
        </test-method> <!-- TC04 -->
        <test-method signature="TC05()[pri:0, instance:tests.LogInPageTests@6d5037a9]" started-at="2023-11-21T15:33:10 IST" name="TC05" description="Login Page" finished-at="2023-11-21T15:33:13 IST" duration-ms="2756" status="PASS">
          <reporter-output>
          </reporter-output>
        </test-method> <!-- TC05 -->
        <test-method signature="TC06()[pri:0, instance:tests.LogInPageTests@6d5037a9]" started-at="2023-11-21T15:33:13 IST" name="TC06" description="Login Page" finished-at="2023-11-21T15:33:16 IST" duration-ms="2941" status="PASS">
          <reporter-output>
          </reporter-output>
        </test-method> <!-- TC06 -->
        <test-method signature="TC07(java.lang.String,java.lang.String)[pri:0, instance:tests.LogInPageTests@6d5037a9]" started-at="2023-11-21T15:33:16 IST" name="TC07" description="Login Page" data-provider="getData" finished-at="2023-11-21T15:33:18 IST" duration-ms="2477" status="PASS">
          <params>
            <param index="0">
              <value>
                <![CDATA[]]>
              </value>
            </param>
            <param index="1">
              <value>
                <![CDATA[secret_sauce]]>
              </value>
            </param>
          </params>
          <reporter-output>
          </reporter-output>
        </test-method> <!-- TC07 -->
        <test-method signature="TC07(java.lang.String,java.lang.String)[pri:0, instance:tests.LogInPageTests@6d5037a9]" started-at="2023-11-21T15:33:18 IST" name="TC07" description="Login Page" data-provider="getData" finished-at="2023-11-21T15:33:21 IST" duration-ms="2444" status="PASS">
          <params>
            <param index="0">
              <value>
                <![CDATA[standard_user]]>
              </value>
            </param>
            <param index="1">
              <value>
                <![CDATA[]]>
              </value>
            </param>
          </params>
          <reporter-output>
          </reporter-output>
        </test-method> <!-- TC07 -->
        <test-method signature="TC07(java.lang.String,java.lang.String)[pri:0, instance:tests.LogInPageTests@6d5037a9]" started-at="2023-11-21T15:33:21 IST" name="TC07" description="Login Page" data-provider="getData" finished-at="2023-11-21T15:33:23 IST" duration-ms="2499" status="PASS">
          <params>
            <param index="0">
              <value>
                <![CDATA[standard_user]]>
              </value>
            </param>
            <param index="1">
              <value>
                <![CDATA[1234]]>
              </value>
            </param>
          </params>
          <reporter-output>
          </reporter-output>
        </test-method> <!-- TC07 -->
        <test-method signature="TC07(java.lang.String,java.lang.String)[pri:0, instance:tests.LogInPageTests@6d5037a9]" started-at="2023-11-21T15:33:23 IST" name="TC07" description="Login Page" data-provider="getData" finished-at="2023-11-21T15:33:26 IST" duration-ms="2567" status="PASS">
          <params>
            <param index="0">
              <value>
                <![CDATA[Yitzi]]>
              </value>
            </param>
            <param index="1">
              <value>
                <![CDATA[secret_sauce]]>
              </value>
            </param>
          </params>
          <reporter-output>
          </reporter-output>
        </test-method> <!-- TC07 -->
        <test-method signature="TC07(java.lang.String,java.lang.String)[pri:0, instance:tests.LogInPageTests@6d5037a9]" started-at="2023-11-21T15:33:26 IST" name="TC07" description="Login Page" data-provider="getData" finished-at="2023-11-21T15:33:28 IST" duration-ms="2428" status="PASS">
          <params>
            <param index="0">
              <value>
                <![CDATA[Yitzi Weiner]]>
              </value>
            </param>
            <param index="1">
              <value>
                <![CDATA[123456]]>
              </value>
            </param>
          </params>
          <reporter-output>
          </reporter-output>
        </test-method> <!-- TC07 -->
        <test-method signature="TC07(java.lang.String,java.lang.String)[pri:0, instance:tests.LogInPageTests@6d5037a9]" started-at="2023-11-21T15:33:28 IST" name="TC07" description="Login Page" data-provider="getData" finished-at="2023-11-21T15:33:31 IST" duration-ms="2615" status="PASS">
          <params>
            <param index="0">
              <value>
                <![CDATA[standard_user]]>
              </value>
            </param>
            <param index="1">
              <value>
                <![CDATA[secret_sauce]]>
              </value>
            </param>
          </params>
          <reporter-output>
          </reporter-output>
        </test-method> <!-- TC07 -->
        <test-method is-config="true" signature="tearDown()[pri:0, instance:tests.LogInPageTests@6d5037a9]" started-at="2023-11-21T15:33:31 IST" name="tearDown" finished-at="2023-11-21T15:33:31 IST" duration-ms="147" status="PASS">
          <reporter-output>
          </reporter-output>
        </test-method> <!-- tearDown -->
      </class> <!-- tests.LogInPageTests -->
      <class name="tests.OverviewPageTests">
        <test-method is-config="true" signature="setUp(java.lang.String)[pri:0, instance:tests.OverviewPageTests@743c6ce4]" started-at="2023-11-21T15:36:13 IST" name="setUp" finished-at="2023-11-21T15:36:17 IST" duration-ms="3662" status="PASS">
          <params>
            <param index="0">
              <value>
                <![CDATA[edge]]>
              </value>
            </param>
          </params>
          <reporter-output>
          </reporter-output>
        </test-method> <!-- setUp -->
        <test-method signature="TC31()[pri:0, instance:tests.OverviewPageTests@743c6ce4]" started-at="2023-11-21T15:36:17 IST" name="TC31" description="Overview Page" finished-at="2023-11-21T15:36:32 IST" duration-ms="14660" status="PASS">
          <reporter-output>
          </reporter-output>
        </test-method> <!-- TC31 -->
        <test-method signature="TC32()[pri:0, instance:tests.OverviewPageTests@743c6ce4]" started-at="2023-11-21T15:36:32 IST" name="TC32" description="Overview Page" finished-at="2023-11-21T15:36:49 IST" duration-ms="17702" status="PASS">
          <reporter-output>
          </reporter-output>
        </test-method> <!-- TC32 -->
        <test-method is-config="true" signature="tearDown()[pri:0, instance:tests.OverviewPageTests@743c6ce4]" started-at="2023-11-21T15:36:49 IST" name="tearDown" finished-at="2023-11-21T15:36:50 IST" duration-ms="276" status="PASS">
          <reporter-output>
          </reporter-output>
        </test-method> <!-- tearDown -->
      </class> <!-- tests.OverviewPageTests -->
    </test> <!-- EdgeTest -->
  </suite> <!-- All Test Suite -->
</testng-results>
