<?xml version="1.0" encoding="UTF-8"?>
<testsuite xmlns:xsi="http://www.w3.org/2001/XMLSchema-instance" xsi:noNamespaceSchemaLocation="https://maven.apache.org/surefire/maven-surefire-plugin/xsd/surefire-test-report-3.0.xsd" version="3.0" name="TestSuite" time="936.941" tests="135" errors="0" skipped="0" failures="0">
  <properties>
[...]
</properties>
  <testcase name="TC01" classname="tests.LogInPageTests" time="9.518">
    <system-err><![CDATA[SLF4J: Failed to load class "org.slf4j.impl.StaticLoggerBinder".
SLF4J: Defaulting to no-operation (NOP) logger implementation
SLF4J: See http://www.slf4j.org/codes.html#StaticLoggerBinder for further details.
Nov 21, 2023 3:22:42 PM org.openqa.selenium.remote.tracing.opentelemetry.OpenTelemetryTracer createTracer
INFO: Using OpenTelemetry for tracing
ERROR StatusLogger Log4j2 could not find a logging implementation. Please add log4j-core to the classpath. Using SimpleLogger to log to the console...
]]></system-err>
  </testcase>
  <testcase name="TC01" classname="tests.LogInPageTests" time="6.81"/>
  <testcase name="TC01" classname="tests.LogInPageTests" time="7.122"/>
  <testcase name="TC02" classname="tests.LogInPageTests" time="2.888"/>
  <testcase name="TC02" classname="tests.LogInPageTests" time="3.011"/>
  <testcase name="TC02" classname="tests.LogInPageTests" time="2.813"/>
  <testcase name="TC03" classname="tests.LogInPageTests" time="3.161"/>
  <testcase name="TC03" classname="tests.LogInPageTests" time="2.873"/>
  <testcase name="TC03" classname="tests.LogInPageTests" time="2.651"/>
  <testcase name="TC04" classname="tests.LogInPageTests" time="3.708"/>
  <testcase name="TC04" classname="tests.LogInPageTests" time="3.095"/>
  <testcase name="TC04" classname="tests.LogInPageTests" time="2.775"/>
  <testcase name="TC05" classname="tests.LogInPageTests" time="2.944"/>
  <testcase name="TC05" classname="tests.LogInPageTests" time="2.907"/>
  <testcase name="TC05" classname="tests.LogInPageTests" time="2.757"/>
  <testcase name="TC06" classname="tests.LogInPageTests" time="2.79"/>
  <testcase name="TC06" classname="tests.LogInPageTests" time="2.887"/>
  <testcase name="TC06" classname="tests.LogInPageTests" time="2.944"/>
  <testcase name="TC07[, secret_sauce](1)" classname="tests.LogInPageTests" time="2.444"/>
  <testcase name="TC07[, secret_sauce](1)" classname="tests.LogInPageTests" time="2.773"/>
  <testcase name="TC07[, secret_sauce](1)" classname="tests.LogInPageTests" time="2.478"/>
  <testcase name="TC07[standard_user, ](2)" classname="tests.LogInPageTests" time="2.476"/>
  <testcase name="TC07[standard_user, ](2)" classname="tests.LogInPageTests" time="2.674"/>
  <testcase name="TC07[standard_user, ](2)" classname="tests.LogInPageTests" time="2.447"/>
  <testcase name="TC07[standard_user, 1234](3)" classname="tests.LogInPageTests" time="2.557"/>
  <testcase name="TC07[standard_user, 1234](3)" classname="tests.LogInPageTests" time="2.727"/>
  <testcase name="TC07[standard_user, 1234](3)" classname="tests.LogInPageTests" time="2.501"/>
  <testcase name="TC07[Yitzi, secret_sauce](4)" classname="tests.LogInPageTests" time="2.799"/>
  <testcase name="TC07[Yitzi, secret_sauce](4)" classname="tests.LogInPageTests" time="2.873"/>
  <testcase name="TC07[Yitzi, secret_sauce](4)" classname="tests.LogInPageTests" time="2.569"/>
  <testcase name="TC07[Yitzi Weiner, 123456](5)" classname="tests.LogInPageTests" time="2.722"/>
  <testcase name="TC07[Yitzi Weiner, 123456](5)" classname="tests.LogInPageTests" time="2.694"/>
  <testcase name="TC07[Yitzi Weiner, 123456](5)" classname="tests.LogInPageTests" time="2.429"/>
  <testcase name="TC07[standard_user, secret_sauce](6)" classname="tests.LogInPageTests" time="2.797"/>
  <testcase name="TC07[standard_user, secret_sauce](6)" classname="tests.LogInPageTests" time="2.535"/>
  <testcase name="TC07[standard_user, secret_sauce](6)" classname="tests.LogInPageTests" time="2.617"/>
  <testcase name="TC08" classname="tests.ProductsPageTest" time="3.268"/>
  <testcase name="TC08" classname="tests.ProductsPageTest" time="2.75"/>
  <testcase name="TC08" classname="tests.ProductsPageTest" time="3.124"/>
  <testcase name="TC09" classname="tests.ProductsPageTest" time="4.357"/>
  <testcase name="TC09" classname="tests.ProductsPageTest" time="4.523"/>
  <testcase name="TC09" classname="tests.ProductsPageTest" time="4.246"/>
  <testcase name="TC12" classname="tests.ProductsPageTest" time="2.27"/>
  <testcase name="TC12" classname="tests.ProductsPageTest" time="2.457"/>
  <testcase name="TC12" classname="tests.ProductsPageTest" time="2.149"/>
  <testcase name="TC10" classname="tests.ProductsPageTest" time="6.386"/>
  <testcase name="TC10" classname="tests.ProductsPageTest" time="6.439"/>
  <testcase name="TC10" classname="tests.ProductsPageTest" time="6.701"/>
  <testcase name="TC13" classname="tests.ProductsPageTest" time="3.178"/>
  <testcase name="TC13" classname="tests.ProductsPageTest" time="3.286"/>
  <testcase name="TC13" classname="tests.ProductsPageTest" time="2.934"/>
  <testcase name="TC11" classname="tests.ProductsPageTest" time="5.464"/>
  <testcase name="TC11" classname="tests.ProductsPageTest" time="6.603"/>
  <testcase name="TC11" classname="tests.ProductsPageTest" time="5.474"/>
  <testcase name="TC14" classname="tests.ProductsPageTest" time="1.127"/>
  <testcase name="TC14" classname="tests.ProductsPageTest" time="1.102"/>
  <testcase name="TC14" classname="tests.ProductsPageTest" time="1.117"/>
  <testcase name="TC15" classname="tests.ProductPageTests" time="6.405"/>
  <testcase name="TC15" classname="tests.ProductPageTests" time="6.658"/>
  <testcase name="TC15" classname="tests.ProductPageTests" time="6.734"/>
  <testcase name="TC16" classname="tests.ProductPageTests" time="2.917"/>
  <testcase name="TC16" classname="tests.ProductPageTests" time="3.404"/>
  <testcase name="TC16" classname="tests.ProductPageTests" time="2.99"/>
  <testcase name="TC17" classname="tests.ProductPageTests" time="6.717"/>
  <testcase name="TC17" classname="tests.ProductPageTests" time="6.927"/>
  <testcase name="TC17" classname="tests.ProductPageTests" time="6.715"/>
  <testcase name="TC18" classname="tests.ProductPageTests" time="5.312"/>
  <testcase name="TC18" classname="tests.ProductPageTests" time="5.809"/>
  <testcase name="TC18" classname="tests.ProductPageTests" time="5.239"/>
  <testcase name="TC19" classname="tests.ProductPageTests" time="13.921"/>
  <testcase name="TC19" classname="tests.ProductPageTests" time="15.755"/>
  <testcase name="TC19" classname="tests.ProductPageTests" time="14.418"/>
  <testcase name="TC20" classname="tests.ProductPageTests" time="12.657"/>
  <testcase name="TC20" classname="tests.ProductPageTests" time="14.562"/>
  <testcase name="TC20" classname="tests.ProductPageTests" time="13.313"/>
  <testcase name="TC21" classname="tests.CartPageTests" time="8.351"/>
  <testcase name="TC21" classname="tests.CartPageTests" time="8.561"/>
  <testcase name="TC21" classname="tests.CartPageTests" time="8.643"/>
  <testcase name="TC22" classname="tests.CartPageTests" time="10.004"/>
  <testcase name="TC22" classname="tests.CartPageTests" time="9.968"/>
  <testcase name="TC22" classname="tests.CartPageTests" time="9.804"/>
  <testcase name="TC23" classname="tests.CartPageTests" time="10.246"/>
  <testcase name="TC23" classname="tests.CartPageTests" time="11.93"/>
  <testcase name="TC23" classname="tests.CartPageTests" time="10.519"/>
  <testcase name="TC24" classname="tests.CartPageTests" time="7.835"/>
  <testcase name="TC24" classname="tests.CartPageTests" time="8.154"/>
  <testcase name="TC24" classname="tests.CartPageTests" time="8.502"/>
  <testcase name="TC25" classname="tests.CartPageTests" time="0.922"/>
  <testcase name="TC25" classname="tests.CartPageTests" time="0.908"/>
  <testcase name="TC25" classname="tests.CartPageTests" time="1.098"/>
  <testcase name="TC26" classname="tests.CheckoutPageTests" time="10.662"/>
  <testcase name="TC26" classname="tests.CheckoutPageTests" time="10.366"/>
  <testcase name="TC26" classname="tests.CheckoutPageTests" time="12.753"/>
  <testcase name="TC27" classname="tests.CheckoutPageTests" time="6.999"/>
  <testcase name="TC27" classname="tests.CheckoutPageTests" time="6.288"/>
  <testcase name="TC27" classname="tests.CheckoutPageTests" time="9.017"/>
  <testcase name="TC28" classname="tests.CheckoutPageTests" time="6.385"/>
  <testcase name="TC28" classname="tests.CheckoutPageTests" time="6.151"/>
  <testcase name="TC28" classname="tests.CheckoutPageTests" time="7.539"/>
  <testcase name="TC29" classname="tests.CheckoutPageTests" time="6.341"/>
  <testcase name="TC29" classname="tests.CheckoutPageTests" time="6.236"/>
  <testcase name="TC29" classname="tests.CheckoutPageTests" time="7.381"/>
  <testcase name="TC30" classname="tests.CheckoutPageTests" time="5.617"/>
  <testcase name="TC30" classname="tests.CheckoutPageTests" time="5.48"/>
  <testcase name="TC30" classname="tests.CheckoutPageTests" time="6.079"/>
  <testcase name="TC31" classname="tests.OverviewPageTests" time="11.36"/>
  <testcase name="TC31" classname="tests.OverviewPageTests" time="11.152"/>
  <testcase name="TC31" classname="tests.OverviewPageTests" time="14.663"/>
  <testcase name="TC32" classname="tests.OverviewPageTests" time="10.655"/>
  <testcase name="TC32" classname="tests.OverviewPageTests" time="9.886"/>
  <testcase name="TC32" classname="tests.OverviewPageTests" time="17.705"/>
  <testcase name="TC33" classname="tests.ThanksPageTests" time="10.638"/>
  <testcase name="TC33" classname="tests.ThanksPageTests" time="10.33"/>
  <testcase name="TC33" classname="tests.ThanksPageTests" time="14.347"/>
  <testcase name="TC34" classname="tests.ThanksPageTests" time="0.971"/>
  <testcase name="TC34" classname="tests.ThanksPageTests" time="0.888"/>
  <testcase name="TC34" classname="tests.ThanksPageTests" time="1.303"/>
  <testcase name="TC35" classname="tests.ThanksPageTests" time="17.3"/>
  <testcase name="TC35" classname="tests.ThanksPageTests" time="16.864"/>
  <testcase name="TC35" classname="tests.ThanksPageTests" time="19.762"/>
  <testcase name="TC36" classname="tests.MenuPageTests" time="4.386"/>
  <testcase name="TC36" classname="tests.MenuPageTests" time="4.17"/>
  <testcase name="TC36" classname="tests.MenuPageTests" time="5.088"/>
  <testcase name="TC37" classname="tests.MenuPageTests" time="1.246"/>
  <testcase name="TC37" classname="tests.MenuPageTests" time="0.895"/>
  <testcase name="TC37" classname="tests.MenuPageTests" time="1.295"/>
  <testcase name="TC38" classname="tests.MenuPageTests" time="14.911"/>
  <testcase name="TC38" classname="tests.MenuPageTests" time="17.714"/>
  <testcase name="TC38" classname="tests.MenuPageTests" time="21.66"/>
  <testcase name="TC39" classname="tests.MenuPageTests" time="6.446"/>
  <testcase name="TC39" classname="tests.MenuPageTests" time="6.746"/>
  <testcase name="TC39" classname="tests.MenuPageTests" time="7.595"/>
  <testcase name="TC40" classname="tests.MenuPageTests" time="5.711"/>
  <testcase name="TC40" classname="tests.MenuPageTests" time="5.573"/>
  <testcase name="TC40" classname="tests.MenuPageTests" time="6.264"/>
</testsuite>